<?xml version="1.0" encoding="UTF-8"?>
<!-- Generated by org.testng.reporters.JUnitReportReporter -->
<testsuite hostname="LAPTOP-NGHULG3E" failures="0" tests="1" name="com.example.AppTest" time="6.313" errors="0" timestamp="2024-03-27T18:40:25 IST" skipped="0">
  <testcase classname="com.example.AppTest" name="runTest" time="6.313"/>
</testsuite> <!-- com.example.AppTest -->
